[debug] [2018-03-06T20:19:30.180Z] ----------------------------------------------------------------------
[debug] [2018-03-06T20:19:30.183Z] Command:       /usr/local/Cellar/node@8/8.9.4/bin/node /usr/local/bin/firebase deploy
[debug] [2018-03-06T20:19:30.183Z] CLI Version:   3.16.0
[debug] [2018-03-06T20:19:30.183Z] Platform:      darwin
[debug] [2018-03-06T20:19:30.183Z] Node Version:  v8.9.4
[debug] [2018-03-06T20:19:30.184Z] Time:          Tue Mar 06 2018 14:19:30 GMT-0600 (CST)
[debug] [2018-03-06T20:19:30.184Z] ----------------------------------------------------------------------
[debug] 
[debug] [2018-03-06T20:19:30.207Z] > command requires scopes: ["email","openid","https://www.googleapis.com/auth/cloudplatformprojects.readonly","https://www.googleapis.com/auth/firebase","https://www.googleapis.com/auth/cloud-platform"]
[debug] [2018-03-06T20:19:30.208Z] > authorizing via signed-in user
[debug] [2018-03-06T20:19:30.210Z] > refreshing access token with scopes: ["email","https://www.googleapis.com/auth/cloud-platform","https://www.googleapis.com/auth/cloudplatformprojects.readonly","https://www.googleapis.com/auth/firebase","openid"]
[debug] [2018-03-06T20:19:30.210Z] >>> HTTP REQUEST POST https://www.googleapis.com/oauth2/v3/token  
 { refresh_token: '1/WWKzCzQxikArVtQWHJFF8_rlm3sS2m64-0c-Qw-cis8',
  client_id: '563584335869-fgrhgmd47bqnekij5i8b5pr03ho849e6.apps.googleusercontent.com',
  client_secret: 'j9iVZfS8kkCEFUPaAeJV0sAi',
  grant_type: 'refresh_token',
  scope: 'email https://www.googleapis.com/auth/cloud-platform https://www.googleapis.com/auth/cloudplatformprojects.readonly https://www.googleapis.com/auth/firebase openid' } 
 Tue Mar 06 2018 14:19:30 GMT-0600 (CST)
[debug] [2018-03-06T20:19:30.472Z] <<< HTTP RESPONSE 200
[debug] [2018-03-06T20:19:30.501Z] >>> HTTP REQUEST GET https://admin.firebase.com/v1/projects/ahs-personal-site-17  
  
 Tue Mar 06 2018 14:19:30 GMT-0600 (CST)
[debug] [2018-03-06T20:19:30.969Z] <<< HTTP RESPONSE 200
[debug] [2018-03-06T20:19:30.970Z] >>> HTTP REQUEST GET https://admin.firebase.com/v1/database/ahs-personal-site-17/tokens  
  
 Tue Mar 06 2018 14:19:30 GMT-0600 (CST)
[debug] [2018-03-06T20:19:31.555Z] <<< HTTP RESPONSE 200
[info] 
[info] === Deploying to 'ahs-personal-site-17'...
[info] 
[info] i  deploying hosting
[info] i  hosting: preparing public directory for upload...
[debug] [2018-03-06T20:19:36.764Z] >>> HTTP REQUEST PUT https://deploy.firebase.com/v1/hosting/ahs-personal-site-17/uploads/-L6wy0EMCcLuuC79n-2j?fileCount=62&message=  
  
 Tue Mar 06 2018 14:19:36 GMT-0600 (CST)
